[30-Oct-2018 17:08:12] NOTICE: fpm is running, pid 16
[30-Oct-2018 17:08:12] NOTICE: ready to handle connections
[30-Oct-2018 17:25:52] NOTICE: Terminating ...
[30-Oct-2018 17:25:52] NOTICE: exiting, bye-bye!
[21-Nov-2018 19:57:51] NOTICE: fpm is running, pid 36
[21-Nov-2018 19:57:51] NOTICE: ready to handle connections
[21-Nov-2018 20:43:20] NOTICE: Terminating ...
[21-Nov-2018 20:43:20] NOTICE: exiting, bye-bye!
[25-Nov-2018 13:24:29] NOTICE: fpm is running, pid 24
[25-Nov-2018 13:24:29] NOTICE: ready to handle connections
[25-Nov-2018 18:05:29] NOTICE: Terminating ...
[25-Nov-2018 18:05:29] NOTICE: exiting, bye-bye!
[07-Dec-2018 15:07:28] NOTICE: fpm is running, pid 24
[07-Dec-2018 15:07:28] NOTICE: ready to handle connections
[07-Dec-2018 16:27:07] NOTICE: Terminating ...
[07-Dec-2018 16:27:08] NOTICE: exiting, bye-bye!
[03-Jan-2019 20:28:20] NOTICE: fpm is running, pid 86
[03-Jan-2019 20:28:20] NOTICE: ready to handle connections
[03-Jan-2019 23:33:29] NOTICE: Terminating ...
[03-Jan-2019 23:33:29] NOTICE: exiting, bye-bye!
[14-Jan-2019 03:19:38] NOTICE: fpm is running, pid 57
[14-Jan-2019 03:19:38] NOTICE: ready to handle connections
[02-Mar-2021 04:11:46] NOTICE: fpm is running, pid 103
[02-Mar-2021 04:11:46] NOTICE: ready to handle connections
[02-Mar-2021 04:14:22] NOTICE: Terminating ...
[02-Mar-2021 04:14:22] NOTICE: exiting, bye-bye!
[02-Mar-2021 04:14:27] NOTICE: fpm is running, pid 52
[02-Mar-2021 04:14:27] NOTICE: ready to handle connections
[02-Mar-2021 04:15:42] NOTICE: Terminating ...
[02-Mar-2021 04:15:42] NOTICE: exiting, bye-bye!
